2024-07-26 16:13:41 [warn]: Job queue is marked as a live run.
2024-07-26 16:13:41 [info]: 2 script files found in scripts directory.
2024-07-26 16:13:41 [info]: countScriptsIn(scripts) - 2 returned
2024-07-26 16:13:47 [info]: User has confirmed job ok to process.
2024-07-26 16:13:47 [info]: Title added to payload is test
2024-07-26 16:13:47 [info]: Script added to payload
2024-07-26 16:13:47 [info]: Test video status added to payload
2024-07-26 16:13:47 [info]: Sending payload to Synthesia.
2024-07-26 16:13:49 [response]: createdAt: 1722006828
2024-07-26 16:13:49 [response]: id: e23cd72c-cea9-4fc0-be25-29619f98e24f
2024-07-26 16:13:49 [response]: status: in_progress
2024-07-26 16:13:49 [response]: title: test
2024-07-26 16:13:49 [response]: visibility: private
2024-07-26 16:13:49 [response]: Synthesia says video is in_progress
2024-07-26 16:13:49 [info]: Checking again in 120 seconds.
2024-07-26 16:15:49 [response]: Synthesia says video is in_progress
2024-07-26 16:15:49 [info]: Checking again in 120 seconds.
2024-07-26 16:17:49 [response]: Synthesia says video is complete
2024-07-26 16:17:49 [response]: Synthesia says that the video is complete.
2024-07-26 16:17:49 [response]: Download link is https://synthesia-ttv-data.s3.amazonaws.com/video_data/e23cd72c-cea9-4fc0-be25-29619f98e24f/transfers/rendered_video.mp4?response-content-disposition=attachment%3Bfilename%3D%22test.mp4%22&AWSAccessKeyId=AKIA32NGJ5TSTZY6HDVC&Signature=%2F8HCgKyCaRD498JHlXhuKpJLFS0%3D&Expires=1722028669
2024-07-26 16:17:49 [info]: Video filename set as test.mp4
2024-07-26 16:17:50 [info]: test.mp4 downloaded.
2024-07-26 16:17:50 [info]: Title added to payload is test1
2024-07-26 16:17:50 [info]: Script added to payload
2024-07-26 16:17:50 [info]: Test video status added to payload
2024-07-26 16:17:50 [info]: Sending payload to Synthesia.
2024-07-26 16:17:51 [response]: createdAt: 1722007070
2024-07-26 16:17:51 [response]: id: cf7ea9c2-ee0f-48ef-9b43-cb3900570ae0
2024-07-26 16:17:51 [response]: status: in_progress
2024-07-26 16:17:51 [response]: title: test1
2024-07-26 16:17:51 [response]: visibility: private
2024-07-26 16:17:51 [response]: Synthesia says video is in_progress
2024-07-26 16:17:51 [info]: Checking again in 120 seconds.
2024-07-26 16:19:52 [response]: Synthesia says video is complete
2024-07-26 16:19:52 [response]: Synthesia says that the video is complete.
2024-07-26 16:19:52 [response]: Download link is https://synthesia-ttv-data.s3.amazonaws.com/video_data/cf7ea9c2-ee0f-48ef-9b43-cb3900570ae0/transfers/rendered_video.mp4?response-content-disposition=attachment%3Bfilename%3D%22test1.mp4%22&AWSAccessKeyId=AKIA32NGJ5TSTZY6HDVC&Signature=kCOxiqJa9y%2BRKYvqFTc8eq5afs4%3D&Expires=1722028792
2024-07-26 16:19:52 [info]: Video filename set as test1.mp4
2024-07-26 16:19:52 [info]: test1.mp4 downloaded.
2024-07-26 17:06:22 [info]: Job queue is marked as a test run.
2024-07-26 17:06:22 [info]: 0 script files found in scripts directory.
2024-07-29 16:47:34 [info]: Job queue is marked as a test run.
2024-07-29 16:47:34 [info]: 1 script files found in scripts directory.
2024-07-29 16:47:34 [info]: countScriptsIn(scripts) - 1 returned
2024-07-29 16:47:39 [info]: User has confirmed job ok to process.
2024-07-29 16:47:39 [info]: Title added to payload is test_video
2024-07-29 16:47:39 [info]: Script added to payload
2024-07-29 16:47:39 [info]: Test video status added to payload
2024-07-29 16:47:39 [info]: Sending payload to Synthesia.
2024-07-29 16:47:41 [response]: createdAt: 1722268060
2024-07-29 16:47:41 [response]: id: 9e38a339-0a4a-421a-a490-8f57ba228be2
2024-07-29 16:47:41 [response]: status: in_progress
2024-07-29 16:47:41 [response]: title: test_video
2024-07-29 16:47:41 [response]: visibility: private
2024-07-29 16:47:41 [response]: Synthesia says video is in_progress
2024-07-29 16:47:41 [info]: Checking again in 120 seconds.
2024-07-29 16:49:42 [response]: Synthesia says video is complete
2024-07-29 16:49:42 [response]: Synthesia says that the video is complete.
2024-07-29 16:49:42 [response]: Download link is https://synthesia-ttv-data.s3.amazonaws.com/video_data/9e38a339-0a4a-421a-a490-8f57ba228be2/transfers/rendered_video.mp4?response-content-disposition=attachment%3Bfilename%3D%22test_video.mp4%22&AWSAccessKeyId=AKIA32NGJ5TSTZY6HDVC&Signature=DIYXuuIaMzdqvP7l2BRqUdtItUw%3D&Expires=1722289782
2024-07-29 16:49:42 [info]: Video filename set as test_video.mp4
2024-07-29 16:49:42 [info]: test_video.mp4 downloaded.
2024-07-30 11:28:48 [info]: Job queue is marked as a test run.
2024-07-30 11:28:48 [info]: 1 script files found in scripts directory.
2024-07-30 11:28:48 [info]: countScriptsIn(scripts) - 1 returned
2024-07-30 11:28:52 [info]: User has confirmed job ok to process.
2024-07-30 11:28:52 [info]: Title added to payload is testguide
2024-07-30 11:28:52 [info]: Script added to payload
2024-07-30 11:28:52 [info]: Test video status added to payload
2024-07-30 11:28:52 [info]: Sending payload to Synthesia.
2024-07-30 11:28:55 [response]: createdAt: 1722335334
2024-07-30 11:28:55 [response]: id: ec6d8e45-ab0b-4ad9-8ce1-19e8c8cc4459
2024-07-30 11:28:55 [response]: status: in_progress
2024-07-30 11:28:55 [response]: title: testguide
2024-07-30 11:28:55 [response]: visibility: private
2024-07-30 11:28:55 [response]: Synthesia says video is in_progress
2024-07-30 11:28:55 [info]: Checking again in 120 seconds.
2024-07-30 11:30:55 [response]: Synthesia says video is complete
2024-07-30 11:30:55 [response]: Synthesia says that the video is complete.
2024-07-30 11:30:55 [response]: Download link is https://synthesia-ttv-data.s3.amazonaws.com/video_data/ec6d8e45-ab0b-4ad9-8ce1-19e8c8cc4459/transfers/rendered_video.mp4?response-content-disposition=attachment%3Bfilename%3D%22testguide.mp4%22&AWSAccessKeyId=AKIA32NGJ5TSTZY6HDVC&Signature=fEAgpUDmBAITTPOqzBcHqzQ21Ck%3D&Expires=1722357055
2024-07-30 11:30:55 [info]: Video filename set as testguide.mp4
2024-07-30 11:30:55 [info]: testguide.mp4 downloaded.
2024-07-30 11:38:33 [info]: Job queue is marked as a test run.
2024-07-30 11:38:33 [info]: 2 script files found in scripts directory.
2024-07-30 11:38:33 [info]: countScriptsIn(scripts) - 2 returned
2024-07-30 11:38:35 [info]: User has confirmed job ok to process.
2024-07-30 11:38:35 [info]: Title added to payload is 1_1_Modal
2024-07-30 11:38:35 [info]: Script added to payload
2024-07-30 11:38:35 [info]: Test video status added to payload
2024-07-30 11:38:35 [info]: Sending payload to Synthesia.
2024-07-30 11:38:38 [response]: createdAt: 1722335917
2024-07-30 11:38:38 [response]: id: de39b337-10dc-452f-9ea9-40845629ba31
2024-07-30 11:38:38 [response]: status: in_progress
2024-07-30 11:38:38 [response]: title: 1_1_Modal
2024-07-30 11:38:38 [response]: visibility: private
2024-07-30 11:38:38 [response]: Synthesia says video is in_progress
2024-07-30 11:38:38 [info]: Checking again in 120 seconds.
2024-07-30 11:40:39 [response]: Synthesia says video is in_progress
2024-07-30 11:40:39 [info]: Checking again in 120 seconds.
2024-07-30 11:42:39 [response]: Synthesia says video is complete
2024-07-30 11:42:39 [response]: Synthesia says that the video is complete.
2024-07-30 11:42:39 [response]: Download link is https://synthesia-ttv-data.s3.amazonaws.com/video_data/de39b337-10dc-452f-9ea9-40845629ba31/transfers/rendered_video.mp4?response-content-disposition=attachment%3Bfilename%3D%221_1_Modal.mp4%22&AWSAccessKeyId=AKIA32NGJ5TSTZY6HDVC&Signature=2sVY8HHJsVFd1wqy1gkNawmgUBw%3D&Expires=1722357759
2024-07-30 11:42:39 [info]: Video filename set as 1_1_Modal.mp4
2024-07-30 11:42:39 [info]: 1_1_Modal.mp4 downloaded.
2024-07-30 11:42:39 [info]: Title added to payload is 1_3_Modal
2024-07-30 11:42:39 [info]: Script added to payload
2024-07-30 11:42:39 [info]: Test video status added to payload
2024-07-30 11:42:39 [info]: Sending payload to Synthesia.
2024-07-30 11:42:42 [response]: createdAt: 1722336161
2024-07-30 11:42:42 [response]: id: fb5c16f6-cf9d-45ca-b041-96a83cd10953
2024-07-30 11:42:42 [response]: status: in_progress
2024-07-30 11:42:42 [response]: title: 1_3_Modal
2024-07-30 11:42:42 [response]: visibility: private
2024-07-30 11:42:42 [response]: Synthesia says video is in_progress
2024-07-30 11:42:42 [info]: Checking again in 120 seconds.
2024-07-30 11:44:42 [response]: Synthesia says video is complete
2024-07-30 11:44:42 [response]: Synthesia says that the video is complete.
2024-07-30 11:44:42 [response]: Download link is https://synthesia-ttv-data.s3.amazonaws.com/video_data/fb5c16f6-cf9d-45ca-b041-96a83cd10953/transfers/rendered_video.mp4?response-content-disposition=attachment%3Bfilename%3D%221_3_Modal.mp4%22&AWSAccessKeyId=AKIA32NGJ5TSTZY6HDVC&Signature=TdKDWpGDLMf7RHlt3mpdLKhG1bo%3D&Expires=1722357882
2024-07-30 11:44:42 [info]: Video filename set as 1_3_Modal.mp4
2024-07-30 11:44:42 [info]: 1_3_Modal.mp4 downloaded.
2024-07-30 14:35:53 [info]: Job queue is marked as a test run.
2024-07-30 14:35:53 [info]: 1 script files found in scripts directory.
2024-07-30 14:35:53 [info]: countScriptsIn(scripts) - 1 returned
2024-07-30 14:35:55 [info]: User has confirmed job ok to process.
2024-07-30 14:35:55 [info]: Title added to payload is .DS_Store
2024-07-30 14:35:55 [info]: Script added to payload
2024-07-30 14:35:55 [info]: Test video status added to payload
2024-07-30 14:35:55 [info]: Sending payload to Synthesia.
2024-07-31 14:56:54 [info]: Job queue is marked as a test run.
2024-07-31 14:56:54 [info]: 1 script files found in scripts directory.
2024-07-31 14:56:54 [info]: countScriptsIn(scripts) - 1 returned
2024-07-31 14:56:57 [info]: User has confirmed job ok to process.
2024-07-31 14:56:57 [info]: Title added to payload is .DS_Store
2024-07-31 14:56:57 [info]: Script added to payload
2024-07-31 14:56:57 [info]: Test video status added to payload
2024-07-31 14:56:57 [info]: Sending payload to Synthesia.
2024-07-31 14:57:42 [info]: Job queue is marked as a test run.
2024-07-31 14:57:42 [info]: 1 script files found in scripts directory.
2024-07-31 14:57:42 [info]: countScriptsIn(scripts) - 1 returned
2024-07-31 14:57:43 [info]: User has confirmed job ok to process.
2024-07-31 14:57:43 [info]: Title added to payload is .DS_Store
2024-07-31 14:57:43 [info]: Script added to payload
2024-07-31 14:57:43 [info]: Test video status added to payload
2024-07-31 14:57:43 [info]: Sending payload to Synthesia.
2024-07-31 16:45:58 [info]: Job queue is marked as a test run.
2024-07-31 16:45:58 [info]: 1 script files found in scripts directory.
2024-07-31 16:45:58 [info]: countScriptsIn(scripts) - 1 returned
2024-07-31 16:45:59 [info]: User has confirmed job ok to process.
2024-07-31 16:45:59 [info]: Title added to payload is .DS_Store
2024-07-31 16:45:59 [info]: Script added to payload
2024-07-31 16:45:59 [info]: Test video status added to payload
2024-07-31 16:45:59 [info]: Sending payload to Synthesia.
2024-07-31 21:28:24 [info]: Job queue is marked as a test run.
2024-07-31 21:28:24 [info]: 1 script files found in scripts directory.
2024-07-31 21:28:24 [info]: countScriptsIn(scripts) - 1 returned
2024-07-31 21:28:27 [info]: User has confirmed job ok to process.
2024-07-31 21:28:27 [info]: Title added to payload is .DS_Store
2024-07-31 21:28:27 [info]: Script added to payload
2024-07-31 21:28:27 [info]: Test video status added to payload
2024-07-31 21:28:27 [info]: Sending payload to Synthesia.
2024-07-31 21:33:44 [info]: Job queue is marked as a test run.
2024-07-31 21:33:44 [info]: 1 script files found in scripts directory.
2024-07-31 21:33:44 [info]: countScriptsIn(scripts) - 1 returned
2024-07-31 21:33:46 [info]: User has confirmed job ok to process.
2024-07-31 21:33:46 [info]: Title added to payload is .DS_Store
2024-07-31 21:33:46 [info]: Script added to payload
2024-07-31 21:33:46 [info]: Test video status added to payload
2024-07-31 21:33:46 [info]: Sending payload to Synthesia.
2024-07-31 21:33:49 [response]: createdAt: 1722458028
2024-07-31 21:33:49 [response]: id: c9799071-8f90-4185-ad7a-635e272b18e1
2024-07-31 21:33:49 [response]: status: in_progress
2024-07-31 21:33:49 [response]: title: .DS_Store
2024-07-31 21:33:49 [response]: visibility: private
2024-07-31 21:33:49 [response]: Synthesia says video is in_progress
2024-07-31 21:33:49 [info]: Checking again in 120 seconds.
2024-07-31 21:35:49 [response]: Synthesia says video is complete
2024-07-31 21:35:49 [response]: Synthesia says that the video is complete.
2024-07-31 21:35:49 [response]: Download link is https://synthesia-ttv-data.s3.amazonaws.com/video_data/c9799071-8f90-4185-ad7a-635e272b18e1/transfers/rendered_video.mp4?response-content-disposition=attachment%3Bfilename%3D%22.DS_Store.mp4%22&AWSAccessKeyId=AKIA32NGJ5TSTZY6HDVC&Signature=SgK4NPgMNEpyKAG5TOqRkvbKXWQ%3D&Expires=1722479749
2024-07-31 21:35:49 [info]: Video filename set as .DS_Store.mp4
2024-07-31 21:35:49 [info]: .DS_Store.mp4 downloaded.
2024-07-31 21:35:49 [info]: Title added to payload is RocketDemoLaunch
2024-07-31 21:35:49 [info]: Script added to payload
2024-07-31 21:35:49 [info]: Test video status added to payload
2024-07-31 21:35:49 [info]: Sending payload to Synthesia.
2024-07-31 21:35:52 [response]: createdAt: 1722458151
2024-07-31 21:35:52 [response]: id: c32ee575-7c8b-46d7-a546-6b1c4ebdd37d
2024-07-31 21:35:52 [response]: status: in_progress
2024-07-31 21:35:52 [response]: title: RocketDemoLaunch
2024-07-31 21:35:52 [response]: visibility: private
2024-07-31 21:35:52 [response]: Synthesia says video is in_progress
2024-07-31 21:35:52 [info]: Checking again in 120 seconds.
2024-07-31 21:37:52 [response]: Synthesia says video is complete
2024-07-31 21:37:52 [response]: Synthesia says that the video is complete.
2024-07-31 21:37:52 [response]: Download link is https://synthesia-ttv-data.s3.amazonaws.com/video_data/c32ee575-7c8b-46d7-a546-6b1c4ebdd37d/transfers/rendered_video.mp4?response-content-disposition=attachment%3Bfilename%3D%22RocketDemoLaunch.mp4%22&AWSAccessKeyId=AKIA32NGJ5TSTZY6HDVC&Signature=cc%2Fsbczx6AL%2BDgzqhZIEg8%2FkznU%3D&Expires=1722479872
2024-07-31 21:37:52 [info]: Video filename set as RocketDemoLaunch.mp4
2024-07-31 21:37:52 [info]: RocketDemoLaunch.mp4 downloaded.
2024-07-31 21:40:03 [info]: Job queue is marked as a test run.
2024-07-31 21:40:03 [info]: 1 script files found in scripts directory.
2024-07-31 21:40:03 [info]: countScriptsIn(scripts) - 1 returned
2024-07-31 21:40:26 [info]: Job queue is marked as a test run.
2024-07-31 21:40:26 [info]: 1 script files found in scripts directory.
2024-07-31 21:40:26 [info]: countScriptsIn(scripts) - 1 returned
2024-07-31 21:40:29 [info]: User has confirmed job ok to process.
2024-07-31 21:40:29 [warn]: .DS_Store file found and deleted
2024-07-31 21:40:29 [info]: Title added to payload is .DS_Store
2024-07-31 21:40:29 [info]: Script added to payload
2024-07-31 21:40:29 [info]: Test video status added to payload
2024-07-31 21:40:29 [info]: Sending payload to Synthesia.
2024-07-31 21:41:33 [info]: Job queue is marked as a test run.
2024-07-31 21:41:33 [info]: 1 script files found in scripts directory.
2024-07-31 21:41:33 [info]: countScriptsIn(scripts) - 1 returned
2024-07-31 21:41:35 [info]: User has confirmed job ok to process.
2024-07-31 21:41:35 [info]: Title added to payload is RocketTest
2024-07-31 21:41:35 [info]: Script added to payload
2024-07-31 21:41:35 [info]: Test video status added to payload
2024-07-31 21:41:35 [info]: Sending payload to Synthesia.
2024-07-31 21:41:38 [response]: createdAt: 1722458497
2024-07-31 21:41:38 [response]: id: 9518a22b-418a-470e-915f-e45f1099bbbe
2024-07-31 21:41:38 [response]: status: in_progress
2024-07-31 21:41:38 [response]: title: RocketTest
2024-07-31 21:41:38 [response]: visibility: private
2024-07-31 21:41:38 [response]: Synthesia says video is in_progress
2024-07-31 21:41:38 [info]: Checking again in 120 seconds.
2024-07-31 21:43:38 [response]: Synthesia says video is complete
2024-07-31 21:43:38 [response]: Synthesia says that the video is complete.
2024-07-31 21:43:38 [response]: Download link is https://synthesia-ttv-data.s3.amazonaws.com/video_data/9518a22b-418a-470e-915f-e45f1099bbbe/transfers/rendered_video.mp4?response-content-disposition=attachment%3Bfilename%3D%22RocketTest.mp4%22&AWSAccessKeyId=AKIA32NGJ5TSTZY6HDVC&Signature=CCyeBR5bkpLI9INoPZ7RLoI8Nj8%3D&Expires=1722480218
2024-07-31 21:43:38 [info]: Video filename set as RocketTest.mp4
2024-07-31 21:43:38 [info]: RocketTest.mp4 downloaded.
2024-07-31 21:56:01 [warn]: Job queue is marked as a live run.
2024-07-31 21:56:01 [info]: 1 script files found in scripts directory.
2024-07-31 21:56:01 [info]: countScriptsIn(scripts) - 1 returned
2024-07-31 21:56:35 [info]: Job queue is marked as a test run.
2024-07-31 21:56:35 [info]: 1 script files found in scripts directory.
2024-07-31 21:56:35 [info]: countScriptsIn(scripts) - 1 returned
2024-07-31 21:56:49 [warn]: Job queue is marked as a live run.
2024-07-31 21:56:49 [info]: 1 script files found in scripts directory.
2024-07-31 21:56:49 [info]: countScriptsIn(scripts) - 1 returned
2024-07-31 21:57:27 [info]: Job queue is marked as a test run.
2024-07-31 21:57:27 [info]: 1 script files found in scripts directory.
2024-07-31 21:57:27 [info]: countScriptsIn(scripts) - 1 returned
2024-07-31 22:01:38 [error]: chris isn't a valid instruction
2024-07-31 22:04:41 [error]: There seems to be more than uuid: chris here.
2024-07-31 22:13:18 [info]: Sending request to delete video fb5c16f6-cf9d-45ca-b041-96a83cd10953
2024-07-31 22:13:19 [response]: Error response code 404
2024-07-31 22:13:19 [response]: Error message is Not Found
2024-07-31 22:17:55 [info]: Sending request to delete video de39b337-10dc-452f-9ea9-40845629ba31
2024-07-31 22:17:56 [response]: Response:
2024-07-31 22:19:52 [info]: Sending request to delete video ec6d8e45-ab0b-4ad9-8ce1-19e8c8cc4459
2024-07-31 22:19:53 [response]: ***
2024-07-31 22:19:53 [info]: Response from Synthesia suggests video ec6d8e45-ab0b-4ad9-8ce1-19e8c8cc4459 is deleted.
